<?xml version="1.0" encoding="utf-8"?><testsuites name="pytest tests"><testsuite name="pytest" errors="0" failures="0" skipped="1" tests="7" time="1.664" timestamp="2026-08-03T11:12:47.478489+00:00" hostname="agent-env-2846b3e8-bed5-43bd-a0af-9520b7588207"><testcase classname="backend.tests.test_batch_c" name="test_manage_orders_200" time="0.503" /><testcase classname="backend.tests.test_batch_c" name="test_kitchen_orders_today_200" time="0.109" /><testcase classname="backend.tests.test_batch_c" name="test_ready_to_deliver_sets_status_and_actual_photo" time="0.306" /><testcase classname="backend.tests.test_batch_c" name="test_send_cake_photos_endpoint" time="0.209" /><testcase classname="backend.tests.test_batch_c" name="test_send_cake_photos_no_images_400" time="0.108"><skipped type="pytest.skip" message="No order without any cake images — skipping 400 case">/app/backend/tests/test_batch_c.py:121: No order without any cake images — skipping 400 case</skipped></testcase><testcase classname="backend.tests.test_batch_c" name="test_verify_otp_wrong_returns_4xx" time="0.279" /><testcase classname="backend.tests.test_batch_c" name="test_verify_otp_endpoint_exists" time="0.097" /></testsuite></testsuites>