<?xml version="1.0" encoding="utf-8"?><testsuites name="pytest tests"><testsuite name="pytest" errors="0" failures="0" skipped="0" tests="6" time="2.165" timestamp="2026-08-02T07:09:52.334130+00:00" hostname="agent-env-2846b3e8-bed5-43bd-a0af-9520b7588207"><testcase classname="backend.tests.test_batch_b.TestRegression" name="test_orders_manage_returns_200_and_desc_sort" time="0.583" /><testcase classname="backend.tests.test_batch_b.TestRegression" name="test_flavours_returns_array" time="0.112" /><testcase classname="backend.tests.test_batch_b.TestRegression" name="test_occasions_returns_array" time="0.124" /><testcase classname="backend.tests.test_batch_b.TestRegression" name="test_outlets_returns_array" time="0.100" /><testcase classname="backend.tests.test_batch_b.TestPunchOrderAndPatch" name="test_create_punch_and_patch_and_whatsapp_log" time="0.791" /><testcase classname="backend.tests.test_batch_b.TestPunchOrderAndPatch" name="test_patch_updates_flavour_custom" time="0.394" /></testsuite></testsuites>