<?xml version="1.0" encoding="utf-8"?><testsuites name="pytest tests"><testsuite name="pytest" errors="0" failures="0" skipped="0" tests="8" time="4.305" timestamp="2026-08-03T11:51:33.262838+00:00" hostname="agent-env-2846b3e8-bed5-43bd-a0af-9520b7588207"><testcase classname="backend.tests.test_batch_d" name="test_manage_200" time="0.461" /><testcase classname="backend.tests.test_batch_d" name="test_d1_credit_excludes_complementary_and_complementary_endpoint" time="0.487" /><testcase classname="backend.tests.test_batch_d" name="test_d2_payment_forbidden_cross_outlet_then_ok_after_transfer" time="0.962" /><testcase classname="backend.tests.test_batch_d" name="test_d3_patch_sets_bill_needs_resync_and_clear_flag" time="0.312" /><testcase classname="backend.tests.test_batch_d" name="test_d3_no_bill_no_resync_flag" time="0.102" /><testcase classname="backend.tests.test_batch_d" name="test_d4_view_unsynced_custom_and_outlet_name" time="0.209" /><testcase classname="backend.tests.test_batch_d" name="test_d5_shortcode_filter" time="1.544" /><testcase classname="backend.tests.test_batch_d" name="test_d5_older_bills_display_safely" time="0.102" /></testsuite></testsuites>