<?xml version="1.0" encoding="utf-8"?><testsuites name="pytest tests"><testsuite name="pytest" errors="0" failures="0" skipped="0" tests="7" time="7.234" timestamp="2026-05-07T15:27:17.168641+00:00" hostname="agent-env-4dd9fb0e-4586-4917-856b-78d350fd72f6"><testcase classname="tests.test_delivery_flow.TestDeliveryAuth" name="test_delivery_login" time="0.546" /><testcase classname="tests.test_delivery_flow.TestDeliveryHappyPath" name="test_full_flow_accept_and_deliver" time="2.209" /><testcase classname="tests.test_delivery_flow.TestDeliveryNegative" name="test_non_delivery_cannot_accept" time="1.233" /><testcase classname="tests.test_delivery_flow.TestDeliveryNegative" name="test_double_accept_fails" time="0.941" /><testcase classname="tests.test_delivery_flow.TestDeliveryNegative" name="test_accept_when_not_ready_to_deliver" time="0.439" /><testcase classname="tests.test_delivery_flow.TestManagerAssign" name="test_manager_can_assign_and_appears_in_my_orders" time="1.644" /><testcase classname="tests.test_delivery_flow.TestOrdersListRegression" name="test_orders_manage_works" time="0.163" /></testsuite></testsuites>