<?xml version="1.0" encoding="utf-8"?><testsuites name="pytest tests"><testsuite name="pytest" errors="0" failures="0" skipped="0" tests="24" time="6.688" timestamp="2026-07-12T19:15:04.410702+00:00" hostname="agent-env-172f24ba-8d19-4e35-911a-1634371c46c3"><testcase classname="backend.tests.test_iteration_8_delivery_flow.TestCitiesCRUD" name="test_list_cities_returns_array" time="0.718" /><testcase classname="backend.tests.test_iteration_8_delivery_flow.TestCitiesCRUD" name="test_create_city_super_admin" time="0.101" /><testcase classname="backend.tests.test_iteration_8_delivery_flow.TestCitiesCRUD" name="test_created_city_appears_in_list" time="0.095" /><testcase classname="backend.tests.test_iteration_8_delivery_flow.TestCitiesCRUD" name="test_duplicate_city_case_insensitive" time="0.138" /><testcase classname="backend.tests.test_iteration_8_delivery_flow.TestCitiesCRUD" name="test_patch_city_name_and_active" time="0.220" /><testcase classname="backend.tests.test_iteration_8_delivery_flow.TestCitiesCRUD" name="test_rbac_outlet_admin_cannot_create_city" time="0.927" /><testcase classname="backend.tests.test_iteration_8_delivery_flow.TestCitiesCRUD" name="test_rbac_outlet_admin_cannot_patch_city" time="0.102" /><testcase classname="backend.tests.test_iteration_8_delivery_flow.TestCitiesCRUD" name="test_rbac_outlet_admin_cannot_delete_city" time="0.160" /><testcase classname="backend.tests.test_iteration_8_delivery_flow.TestCitiesCRUD" name="test_delete_unused_city" time="0.344" /><testcase classname="backend.tests.test_iteration_8_delivery_flow.TestZoneDeliveryChargeValidation" name="test_zone_charge_not_multiple_of_50_rejected" time="0.095" /><testcase classname="backend.tests.test_iteration_8_delivery_flow.TestZoneDeliveryChargeValidation" name="test_zone_charge_100_accepted" time="0.143" /><testcase classname="backend.tests.test_iteration_8_delivery_flow.TestZoneDeliveryChargeValidation" name="test_zone_charge_zero_accepted_complementary" time="0.103" /><testcase classname="backend.tests.test_iteration_8_delivery_flow.TestOrderCreateDeliveryChargeValidation" name="test_order_custom_zone_charge_75_rejected" time="0.101" /><testcase classname="backend.tests.test_iteration_8_delivery_flow.TestOrderCreateDeliveryChargeValidation" name="test_order_custom_zone_charge_100_accepted" time="0.100" /><testcase classname="backend.tests.test_iteration_8_delivery_flow.TestOrderPatchDeliveryCharge" name="test_patch_delivery_charge_125_rejected" time="0.217" /><testcase classname="backend.tests.test_iteration_8_delivery_flow.TestOrderPatchDeliveryCharge" name="test_patch_delivery_charge_150_accepted" time="0.297" /><testcase classname="backend.tests.test_iteration_8_delivery_flow.TestAddDelivery" name="test_happy_path" time="0.804" /><testcase classname="backend.tests.test_iteration_8_delivery_flow.TestAddDelivery" name="test_complementary" time="0.418" /><testcase classname="backend.tests.test_iteration_8_delivery_flow.TestAddDelivery" name="test_custom_zone_75_rejected" time="0.119" /><testcase classname="backend.tests.test_iteration_8_delivery_flow.TestAddDelivery" name="test_add_delivery_nonexistent_order" time="0.096" /><testcase classname="backend.tests.test_iteration_8_delivery_flow.TestAddDelivery" name="test_add_delivery_missing_zone_id" time="0.202" /><testcase classname="backend.tests.test_iteration_8_delivery_flow.TestOTPVerify" name="test_otp_wrong_then_correct" time="0.679" /><testcase classname="backend.tests.test_iteration_8_delivery_flow.TestRegressionSpotChecks" name="test_deleted_orders_route_still_returns_array" time="0.100" /><testcase classname="backend.tests.test_iteration_8_delivery_flow.TestRegressionSpotChecks" name="test_activity_log_diff_still_populated_on_patch" time="0.291" /></testsuite></testsuites>