<?xml version="1.0" encoding="utf-8"?><testsuites name="pytest tests"><testsuite name="pytest" errors="0" failures="0" skipped="0" tests="19" time="5.727" timestamp="2026-05-07T15:13:26.924964+00:00" hostname="agent-env-4dd9fb0e-4586-4917-856b-78d350fd72f6"><testcase classname="tests.test_iteration_backend_changes.TestAuth" name="test_admin_login" time="0.416" /><testcase classname="tests.test_iteration_backend_changes.TestSystemSettings" name="test_get_settings_has_max_orders_field" time="0.193" /><testcase classname="tests.test_iteration_backend_changes.TestSystemSettings" name="test_patch_settings_updates_all_fields" time="0.253" /><testcase classname="tests.test_iteration_backend_changes.TestUploadImage" name="test_upload_jpeg" time="0.127" /><testcase classname="tests.test_iteration_backend_changes.TestUploadImage" name="test_upload_heic_returns_jpg" time="0.132" /><testcase classname="tests.test_iteration_backend_changes.TestProductionSheet" name="test_get_production_sheet_returns_structure" time="0.163" /><testcase classname="tests.test_iteration_backend_changes.TestTimeSlotCapacity" name="test_capacity_endpoint" time="0.283" /><testcase classname="tests.test_iteration_backend_changes.TestApprovalDelete" name="test_delete_without_reason_returns_400" time="0.408" /><testcase classname="tests.test_iteration_backend_changes.TestApprovalDelete" name="test_super_admin_delete_with_reason" time="0.564" /><testcase classname="tests.test_iteration_backend_changes.TestApprovalDelete" name="test_non_super_admin_delete_creates_request_and_approval" time="1.227" /><testcase classname="tests.test_iteration_backend_changes.TestCustomersImport" name="test_import_inserts_and_updates" time="0.275" /><testcase classname="tests.test_iteration_backend_changes.TestKitchenDeadline" name="test_kitchen_orders_have_deadline" time="0.126" /><testcase classname="tests.test_iteration_backend_changes.TestTimeSlotEnforcement" name="test_second_order_409" time="0.587" /><testcase classname="tests.test_iteration_backend_changes.TestRegression" name="test_outlets_list" time="0.132" /><testcase classname="tests.test_iteration_backend_changes.TestRegression" name="test_zones_list" time="0.125" /><testcase classname="tests.test_iteration_backend_changes.TestRegression" name="test_orders_list" time="0.203" /><testcase classname="tests.test_iteration_backend_changes.TestRegression" name="test_kitchen_list" time="0.146" /><testcase classname="tests.test_iteration_backend_changes.TestRegression" name="test_customers_list" time="0.122" /><testcase classname="tests.test_iteration_backend_changes.TestRegression" name="test_factory_orders" time="0.156" /></testsuite></testsuites>