<?xml version="1.0" encoding="utf-8"?><testsuites name="pytest tests"><testsuite name="pytest" errors="0" failures="0" skipped="0" tests="43" time="10.082" timestamp="2026-05-09T12:44:04.771468+00:00" hostname="agent-env-8a371a79-8151-4008-944b-33a191652cd2"><testcase classname="backend.tests.test_usbakers_backend.TestAuth" name="test_login_all_roles" time="2.035" /><testcase classname="backend.tests.test_usbakers_backend.TestAuth" name="test_login_bad_password" time="0.351" /><testcase classname="backend.tests.test_usbakers_backend.TestAuth" name="test_auth_me" time="0.459" /><testcase classname="backend.tests.test_usbakers_backend.TestUsers" name="test_get_users_super_admin" time="0.150" /><testcase classname="backend.tests.test_usbakers_backend.TestUsers" name="test_get_users_forbidden_for_kitchen" time="0.428" /><testcase classname="backend.tests.test_usbakers_backend.TestOutlets" name="test_get_outlets" time="0.112" /><testcase classname="backend.tests.test_usbakers_backend.TestOutlets" name="test_create_and_delete_outlet" time="0.772" /><testcase classname="backend.tests.test_usbakers_backend.TestZones" name="test_get_zones" time="0.105" /><testcase classname="backend.tests.test_usbakers_backend.TestZones" name="test_create_and_delete_zone" time="0.372" /><testcase classname="backend.tests.test_usbakers_backend.TestSalesPersons" name="test_list" time="0.115" /><testcase classname="backend.tests.test_usbakers_backend.TestSettings" name="test_flavours_crud" time="0.252" /><testcase classname="backend.tests.test_usbakers_backend.TestSettings" name="test_occasions_crud" time="0.221" /><testcase classname="backend.tests.test_usbakers_backend.TestSettings" name="test_time_slots_list" time="0.125" /><testcase classname="backend.tests.test_usbakers_backend.TestCustomers" name="test_list_customers" time="0.122" /><testcase classname="backend.tests.test_usbakers_backend.TestOrders" name="test_create_hold_order_minimal" time="0.347" /><testcase classname="backend.tests.test_usbakers_backend.TestOrders" name="test_create_punch_order_full" time="0.105" /><testcase classname="backend.tests.test_usbakers_backend.TestOrders" name="test_list_orders_manage" time="0.104" /><testcase classname="backend.tests.test_usbakers_backend.TestOrders" name="test_list_hold_orders" time="0.105" /><testcase classname="backend.tests.test_usbakers_backend.TestOrders" name="test_list_pending_orders" time="0.111" /><testcase classname="backend.tests.test_usbakers_backend.TestOrders" name="test_list_deleted_orders" time="0.112" /><testcase classname="backend.tests.test_usbakers_backend.TestOrders" name="test_record_payment" time="0.140" /><testcase classname="backend.tests.test_usbakers_backend.TestOrders" name="test_get_payments_for_order" time="0.110" /><testcase classname="backend.tests.test_usbakers_backend.TestOrders" name="test_patch_order" time="0.111" /><testcase classname="backend.tests.test_usbakers_backend.TestOrders" name="test_delete_order_with_reason" time="0.108" /><testcase classname="backend.tests.test_usbakers_backend.TestOrders" name="test_delete_order_without_reason_should_fail" time="0.114" /><testcase classname="backend.tests.test_usbakers_backend.TestKitchen" name="test_kitchen_orders_list" time="0.113" /><testcase classname="backend.tests.test_usbakers_backend.TestKitchen" name="test_kitchen_summary" time="0.110" /><testcase classname="backend.tests.test_usbakers_backend.TestDashboard" name="test_stats_super_admin" time="0.107" /><testcase classname="backend.tests.test_usbakers_backend.TestDashboard" name="test_stats_outlet_admin" time="0.453" /><testcase classname="backend.tests.test_usbakers_backend.TestDashboard" name="test_stats_order_manager" time="0.441" /><testcase classname="backend.tests.test_usbakers_backend.TestDashboard" name="test_branch_summary_super_admin" time="0.102" /><testcase classname="backend.tests.test_usbakers_backend.TestDashboard" name="test_branch_summary_outlet_admin" time="0.106" /><testcase classname="backend.tests.test_usbakers_backend.TestActivityLogs" name="test_admin_can_list" time="0.099" /><testcase classname="backend.tests.test_usbakers_backend.TestUpload" name="test_upload_image_endpoint_exists" time="0.111" /><testcase classname="backend.tests.test_usbakers_backend.TestHealth" name="test_health" time="0.102" /><testcase classname="backend.tests.test_usbakers_backend.TestPermissions" name="test_available" time="0.103" /><testcase classname="backend.tests.test_usbakers_backend.TestPermissions" name="test_roles_list" time="0.101" /><testcase classname="backend.tests.test_usbakers_backend.TestReports" name="test_orders_report" time="0.096" /><testcase classname="backend.tests.test_usbakers_backend.TestReports" name="test_payments_report" time="0.114" /><testcase classname="backend.tests.test_usbakers_backend.TestDelivery" name="test_my_orders" time="0.427" /><testcase classname="backend.tests.test_usbakers_backend.TestDelivery" name="test_summary" time="0.100" /><testcase classname="backend.tests.test_usbakers_backend.TestSecurity" name="test_no_mongo_id_in_orders" time="0.112" /><testcase classname="backend.tests.test_usbakers_backend.TestSecurity" name="test_no_mongo_id_in_users" time="0.109" /></testsuite></testsuites>