<?xml version="1.0" encoding="utf-8"?><testsuites name="pytest tests"><testsuite name="pytest" errors="0" failures="0" skipped="0" tests="11" time="37.813" timestamp="2026-05-09T12:43:18.805045+00:00" hostname="agent-env-8a371a79-8151-4008-944b-33a191652cd2"><testcase classname="backend.tests.test_usbakers_backend.TestOrders" name="test_create_hold_order_minimal" time="0.719" /><testcase classname="backend.tests.test_usbakers_backend.TestOrders" name="test_create_punch_order_full" time="0.104" /><testcase classname="backend.tests.test_usbakers_backend.TestOrders" name="test_list_orders_manage" time="0.108" /><testcase classname="backend.tests.test_usbakers_backend.TestOrders" name="test_list_hold_orders" time="35.980" /><testcase classname="backend.tests.test_usbakers_backend.TestOrders" name="test_list_pending_orders" time="0.145" /><testcase classname="backend.tests.test_usbakers_backend.TestOrders" name="test_list_deleted_orders" time="0.111" /><testcase classname="backend.tests.test_usbakers_backend.TestOrders" name="test_record_payment" time="0.130" /><testcase classname="backend.tests.test_usbakers_backend.TestOrders" name="test_get_payments_for_order" time="0.110" /><testcase classname="backend.tests.test_usbakers_backend.TestOrders" name="test_patch_order" time="0.104" /><testcase classname="backend.tests.test_usbakers_backend.TestOrders" name="test_delete_order_with_reason" time="0.100" /><testcase classname="backend.tests.test_usbakers_backend.TestOrders" name="test_delete_order_without_reason_should_fail" time="0.101" /></testsuite></testsuites>