<?xml version="1.0" encoding="utf-8"?><testsuites name="pytest tests"><testsuite name="pytest" errors="0" failures="0" skipped="2" tests="19" time="12.823" timestamp="2026-05-17T11:42:33.019827+00:00" hostname="agent-env-ae517448-01d7-4888-a251-ff52cc1e1d89"><testcase classname="backend.tests.test_iteration_4_fixes.TestBug1DeliveryCharge" name="test_custom_zone_adds_delivery_to_total" time="1.813" /><testcase classname="backend.tests.test_iteration_4_fixes.TestBug1DeliveryCharge" name="test_real_zone_adds_delivery_to_total" time="1.275" /><testcase classname="backend.tests.test_iteration_4_fixes.TestBug2EmptyBaseSize" name="test_empty_base_size_and_size_pounds_accepted" time="1.049" /><testcase classname="backend.tests.test_iteration_4_fixes.TestBug4KitchenDeadline" name="test_deadline_computed_for_various_time_formats[14:30]" time="1.178" /><testcase classname="backend.tests.test_iteration_4_fixes.TestBug4KitchenDeadline" name="test_deadline_computed_for_various_time_formats[14:30:00]" time="1.196" /><testcase classname="backend.tests.test_iteration_4_fixes.TestBug4KitchenDeadline" name="test_deadline_computed_for_various_time_formats[2:30 PM]" time="1.179" /><testcase classname="backend.tests.test_iteration_4_fixes.TestBug4KitchenDeadline" name="test_deadline_computed_for_various_time_formats[10:00 AM - 12:00 PM]" time="1.171" /><testcase classname="backend.tests.test_iteration_4_fixes.TestBug5ActivityLogs" name="test_activity_logs_endpoint_returns_entries" time="0.921" /><testcase classname="backend.tests.test_iteration_4_fixes.TestBug5ActivityLogs" name="test_order_created_log_present" time="1.728" /><testcase classname="backend.tests.test_iteration_4_fixes.TestBug5ActivityLogs" name="test_activity_logs_forbidden_for_non_admin" time="0.103"><skipped type="pytest.skip" message="kitchen creds not available">/app/backend/tests/test_iteration_4_fixes.py:247: kitchen creds not available</skipped></testcase><testcase classname="backend.tests.test_iteration_4_fixes.TestBug6AiSensy" name="test_get_config_returns_required_fields" time="0.099" /><testcase classname="backend.tests.test_iteration_4_fixes.TestBug6AiSensy" name="test_post_config_saves" time="0.221" /><testcase classname="backend.tests.test_iteration_4_fixes.TestBug6AiSensy" name="test_get_templates" time="0.111" /><testcase classname="backend.tests.test_iteration_4_fixes.TestBug6AiSensy" name="test_post_template" time="0.204" /><testcase classname="backend.tests.test_iteration_4_fixes.TestBug6AiSensy" name="test_aisensy_logs_endpoint" time="0.095" /><testcase classname="backend.tests.test_iteration_4_fixes.TestBug6AiSensy" name="test_aisensy_config_forbidden_non_admin" time="0.094"><skipped type="pytest.skip" message="outlet creds missing">/app/backend/tests/test_iteration_4_fixes.py:307: outlet creds missing</skipped></testcase><testcase classname="backend.tests.test_iteration_4_fixes.TestSmartTV" name="test_tv_kitchen_html_exists" time="0.096" /><testcase classname="backend.tests.test_iteration_4_fixes.TestSmartTV" name="test_index_noscript_links_tv_kitchen" time="0.097" /><testcase classname="backend.tests.test_iteration_4_fixes.TestSmartTV" name="test_index_has_tv_ua_redirect_script" time="0.097" /></testsuite></testsuites>