<?xml version="1.0" encoding="utf-8"?><testsuites name="pytest tests"><testsuite name="pytest" errors="0" failures="0" skipped="0" tests="19" time="5.986" timestamp="2026-07-12T15:23:13.947787+00:00" hostname="agent-env-172f24ba-8d19-4e35-911a-1634371c46c3"><testcase classname="backend.tests.test_iteration_6_order_lifecycle.TestAuthAndOutlets" name="test_super_admin_login" time="0.430" /><testcase classname="backend.tests.test_iteration_6_order_lifecycle.TestAuthAndOutlets" name="test_outlets_available" time="0.112" /><testcase classname="backend.tests.test_iteration_6_order_lifecycle.TestOrderCreation" name="test_create_full_hold_order" time="0.293" /><testcase classname="backend.tests.test_iteration_6_order_lifecycle.TestPatchNewAllowedFields" name="test_patch_receiver_info" time="0.303" /><testcase classname="backend.tests.test_iteration_6_order_lifecycle.TestPatchNewAllowedFields" name="test_patch_delivery_address_and_city" time="0.209" /><testcase classname="backend.tests.test_iteration_6_order_lifecycle.TestPatchNewAllowedFields" name="test_patch_zone_id_and_needs_delivery_and_charges" time="0.193" /><testcase classname="backend.tests.test_iteration_6_order_lifecycle.TestPatchNewAllowedFields" name="test_patch_outlet_id_and_order_taken_by" time="0.201" /><testcase classname="backend.tests.test_iteration_6_order_lifecycle.TestPatchNewAllowedFields" name="test_patch_is_hold_lifecycle_and_status" time="0.220" /><testcase classname="backend.tests.test_iteration_6_order_lifecycle.TestPatchNewAllowedFields" name="test_patch_voice_instruction_url" time="0.229" /><testcase classname="backend.tests.test_iteration_6_order_lifecycle.TestPendingRecalc" name="test_total_amount_update_recalcs_pending" time="0.509" /><testcase classname="backend.tests.test_iteration_6_order_lifecycle.TestSuperAdminBypassAfterReady" name="test_super_admin_can_edit_after_ready" time="0.524" /><testcase classname="backend.tests.test_iteration_6_order_lifecycle.TestNonSuperBlockedAfterReady" name="test_outlet_admin_cannot_edit_after_ready" time="0.935" /><testcase classname="backend.tests.test_iteration_6_order_lifecycle.TestActivityLog" name="test_order_updated_activity_log_entry" time="0.191" /><testcase classname="backend.tests.test_iteration_6_order_lifecycle.TestWhatsAppBgTolerance" name="test_patch_returns_200_without_aisensy" time="0.106" /><testcase classname="backend.tests.test_iteration_6_order_lifecycle.TestSecondaryImages" name="test_secondary_images_list_persists" time="0.206" /><testcase classname="backend.tests.test_iteration_6_order_lifecycle.TestDeleteBySuperAdmin" name="test_super_delete_stores_pre_delete_status" time="0.407" /><testcase classname="backend.tests.test_iteration_6_order_lifecycle.TestDeleteApproveFlow" name="test_non_super_delete_then_approve_stores_fields" time="0.544" /><testcase classname="backend.tests.test_iteration_6_order_lifecycle.TestDeletedRouteSanity" name="test_deleted_route_returns_array" time="0.105" /><testcase classname="backend.tests.test_iteration_6_order_lifecycle.TestEnumStartupSanity" name="test_authenticated_endpoint_reachable" time="0.149" /></testsuite></testsuites>